{"error":"secretOrPrivateKey must have a value","level":"error","message":"Error during login","timestamp":"2025-04-01T07:55:43.559Z","username":"Thunder"}
{"level":"warn","message":"Failed login attempt","timestamp":"2025-04-01T07:59:32.081Z","username":"Thunder"}
{"error":"secretOrPrivateKey must have a value","level":"error","message":"Error during login","timestamp":"2025-04-01T07:59:47.221Z","username":"Thunder"}
{"error":"secretOrPrivateKey must have a value","level":"error","message":"Error during login","timestamp":"2025-04-01T08:01:39.497Z","username":"Thunder"}
{"level":"info","message":"User logged in successfully","timestamp":"2025-04-01T08:02:19.336Z","username":"Thunder"}
{"level":"warn","message":"Failed login attempt","timestamp":"2025-04-01T08:02:46.100Z","username":"hdh"}
{"level":"warn","message":"Failed login attempt","timestamp":"2025-04-01T08:04:39.833Z","username":"rrr"}
{"level":"info","message":"User logged in successfully","timestamp":"2025-04-01T08:06:17.995Z","username":"Thunder"}
{"level":"warn","message":"No token provided","path":"/users","timestamp":"2025-04-01T08:22:09.887Z"}
{"level":"warn","message":"No token provided","path":"/tickets","timestamp":"2025-04-01T08:22:30.413Z"}
{"level":"info","message":"User logged in successfully","timestamp":"2025-04-01T08:22:57.809Z","username":"Thunder"}
{"level":"warn","message":"No token provided","path":"/username/Thunder","timestamp":"2025-04-01T08:22:57.989Z"}
{"level":"warn","message":"No token provided","path":"/projects","timestamp":"2025-04-01T08:23:02.127Z"}
{"level":"warn","message":"No token provided","path":"/users","timestamp":"2025-04-01T08:23:02.162Z"}
{"level":"warn","message":"No token provided","path":"/projects","timestamp":"2025-04-01T08:23:02.301Z"}
{"level":"warn","message":"No token provided","path":"/users","timestamp":"2025-04-01T08:24:13.856Z"}
{"level":"warn","message":"No token provided","path":"/","timestamp":"2025-04-01T08:24:21.110Z"}
{"level":"warn","message":"No token provided","path":"/users","timestamp":"2025-04-01T08:25:56.632Z"}
{"level":"warn","message":"No token provided","path":"/tickets","timestamp":"2025-04-01T08:26:04.778Z"}
{"level":"info","message":"User logged in successfully","timestamp":"2025-04-01T08:26:41.763Z","username":"Thunder"}
{"level":"warn","message":"No token provided","path":"/username/Thunder","timestamp":"2025-04-01T08:26:42.197Z"}
{"level":"warn","message":"No token provided","path":"/users","timestamp":"2025-04-01T08:26:44.555Z"}
{"level":"warn","message":"No token provided","path":"/projects","timestamp":"2025-04-01T08:26:44.855Z"}
{"level":"warn","message":"No token provided","path":"/projects","timestamp":"2025-04-01T08:26:45.025Z"}
{"level":"warn","message":"No token provided","path":"/tickets","timestamp":"2025-04-01T08:32:10.457Z"}
{"level":"info","message":"User logged in successfully","timestamp":"2025-04-01T08:32:28.728Z","username":"Thunder"}
{"level":"warn","message":"No token provided","path":"/username/Thunder","timestamp":"2025-04-01T08:32:29.207Z"}
{"level":"warn","message":"No token provided","path":"/users","timestamp":"2025-04-01T08:32:30.976Z"}
{"level":"warn","message":"No token provided","path":"/projects","timestamp":"2025-04-01T08:32:31.018Z"}
{"level":"warn","message":"No token provided","path":"/projects","timestamp":"2025-04-01T08:32:31.248Z"}
{"level":"warn","message":"No token provided","path":"/users","timestamp":"2025-04-01T08:33:31.784Z"}
{"level":"info","message":"User logged in successfully","timestamp":"2025-04-01T08:42:49.978Z","username":"Thunder"}
{"level":"info","message":"User logged in successfully","timestamp":"2025-04-01T08:46:14.964Z","username":"Thunder"}
{"level":"info","message":"User logged in successfully","timestamp":"2025-04-01T08:48:34.363Z","username":"Thunder"}
{"level":"info","message":"User logged in successfully","timestamp":"2025-04-01T08:57:39.277Z","username":"Thunder"}
{"level":"info","message":"User logged in successfully","timestamp":"2025-04-01T08:58:42.101Z","username":"Thunder"}
{"level":"info","message":"User logged in successfully","timestamp":"2025-04-01T08:59:18.404Z","username":"Thunder"}
{"level":"info","message":"User logged in successfully","timestamp":"2025-04-01T09:00:41.228Z","username":"Thunder"}
{"level":"info","message":"User logged in successfully","timestamp":"2025-04-01T09:01:51.883Z","username":"Thunder"}
{"level":"info","message":"User logged in successfully","timestamp":"2025-04-01T09:02:23.315Z","username":"Thunder"}
{"level":"info","message":"User logged in successfully","timestamp":"2025-04-01T09:06:00.407Z","username":"Thunder"}
{"level":"info","message":"User logged in successfully","timestamp":"2025-04-01T09:16:34.392Z","username":"Thunder"}
{"level":"info","message":"User logged in successfully","timestamp":"2025-04-01T09:19:48.537Z","username":"Thunder"}
{"level":"info","message":"User logged in successfully","timestamp":"2025-04-01T09:24:43.962Z","username":"Thunder"}
{"level":"info","message":"User logged in successfully","timestamp":"2025-04-01T09:27:09.680Z","username":"Thunder"}
{"level":"info","message":"User logged in successfully","timestamp":"2025-04-01T09:41:36.896Z","username":"Thunder"}
{"level":"info","message":"User logged in successfully","timestamp":"2025-04-01T09:58:18.800Z","username":"Thunder"}
{"level":"info","message":"User logged in successfully","timestamp":"2025-04-01T10:14:23.643Z","username":"Thunder"}
{"level":"info","message":"User logged in successfully","timestamp":"2025-04-01T10:18:54.043Z","username":"Thunder"}
{"level":"info","message":"User logged in successfully","timestamp":"2025-04-01T10:19:57.120Z","username":"Thunder"}
{"level":"info","message":"User logged in successfully","timestamp":"2025-04-01T10:37:39.473Z","username":"Thunder"}
{"level":"info","message":"User logged in successfully","timestamp":"2025-04-01T10:38:52.778Z","username":"Thunder"}
{"level":"info","message":"User logged in successfully","timestamp":"2025-04-01T10:42:25.015Z","username":"Thunder"}
{"level":"info","message":"User logged in successfully","timestamp":"2025-04-01T10:43:51.792Z","username":"Thunder"}
{"level":"info","message":"User logged in successfully","timestamp":"2025-04-01T10:52:03.599Z","username":"Thunder"}
{"level":"info","message":"User logged in successfully","timestamp":"2025-04-01T10:54:02.759Z","username":"Thunder"}
{"level":"info","message":"User logged in successfully","timestamp":"2025-04-01T10:55:03.771Z","username":"Thunder"}
{"level":"info","message":"User logged in successfully","timestamp":"2025-04-01T11:00:49.788Z","username":"Thunder"}
